c:\users\francesco\downloads\pacman-clone-master\pacman-clone-master\pacman-clone\x64\release\vc143.pdb
c:\shared\c-c++\c++\pacman\pacman-clone\x64\release\vc143.pdb
c:\shared\c-c++\c++\pacman\pacman-clone\x64\release\button.obj
c:\shared\c-c++\c++\pacman\pacman-clone\x64\release\state.obj
c:\shared\c-c++\c++\pacman\pacman-clone\x64\release\snack.obj
c:\shared\c-c++\c++\pacman\pacman-clone\x64\release\pacman.obj
c:\shared\c-c++\c++\pacman\pacman-clone\x64\release\main.obj
c:\shared\c-c++\c++\pacman\pacman-clone\x64\release\gamemanager.obj
c:\shared\c-c++\c++\pacman\pacman-clone\x64\release\entity.obj
c:\shared\c-c++\c++\pacman\pacman-clone\x64\release\animator.obj
c:\shared\c-c++\c++\pacman\pacman-clone\x64\release\animation.obj
c:\shared\c-c++\c++\pacman\pacman-clone\x64\release\pathfinding.obj
c:\shared\c-c++\c++\pacman\pacman-clone\x64\release\enemy.obj
c:\shared\c-c++\c++\pacman\pacman-clone\x64\release\debug.obj
c:\shared\c-c++\c++\pacman\pacman-clone\x64\release\blinky.obj
c:\shared\c-c++\c++\pacman\pacman-clone\x64\release\pinky.obj
c:\shared\c-c++\c++\pacman\pacman-clone\x64\release\inky.obj
c:\shared\c-c++\c++\pacman\pacman-clone\x64\release\clyde.obj
c:\shared\c-c++\c++\pacman\pacman-clone\x64\release\audiomanager.obj
c:\shared\c-c++\c++\pacman\pacman-clone\x64\release\gamestate.obj
c:\shared\c-c++\c++\pacman\pacman-clone\x64\release\mainmenustate.obj
c:\shared\c-c++\c++\pacman\pacman-clone\x64\release\gameoverstate.obj
c:\shared\c-c++\c++\pacman\x64\release\pacman-clone.exe
c:\shared\c-c++\c++\pacman\x64\release\pacman-clone.pdb
c:\shared\c-c++\c++\pacman\pacman-clone\x64\release\pacman-clone.ipdb
c:\shared\c-c++\c++\pacman\pacman-clone\x64\release\pacman-clone.iobj
c:\shared\c-c++\c++\pacman\x64\release\pacman-clone.ilk
c:\shared\c-c++\c++\pacman\pacman-clone\x64\release\pacman-clone.tlog\cl.command.1.tlog
c:\shared\c-c++\c++\pacman\pacman-clone\x64\release\pacman-clone.tlog\cl.items.tlog
c:\shared\c-c++\c++\pacman\pacman-clone\x64\release\pacman-clone.tlog\cl.read.1.tlog
c:\shared\c-c++\c++\pacman\pacman-clone\x64\release\pacman-clone.tlog\cl.write.1.tlog
c:\shared\c-c++\c++\pacman\pacman-clone\x64\release\pacman-clone.tlog\link.command.1.tlog
c:\shared\c-c++\c++\pacman\pacman-clone\x64\release\pacman-clone.tlog\link.read.1.tlog
c:\shared\c-c++\c++\pacman\pacman-clone\x64\release\pacman-clone.tlog\link.secondary.1.tlog
c:\shared\c-c++\c++\pacman\pacman-clone\x64\release\pacman-clone.tlog\link.write.1.tlog
